  character.cpp
D:\Projects\notMarioBros\notMarioBros\notMarioBros\character.h(5,10): fatal error C1083: Cannot open include file: 'SDL.h': No such file or directory
  characterluigi.cpp
D:\Projects\notMarioBros\notMarioBros\notMarioBros\character.h(5,10): fatal error C1083: Cannot open include file: 'SDL.h': No such file or directory
  charactermario.cpp
D:\Projects\notMarioBros\notMarioBros\notMarioBros\character.h(5,10): fatal error C1083: Cannot open include file: 'SDL.h': No such file or directory
  collisions.cpp
D:\Projects\notMarioBros\notMarioBros\notMarioBros\character.h(5,10): fatal error C1083: Cannot open include file: 'SDL.h': No such file or directory
  gamescreen.cpp
D:\Projects\notMarioBros\notMarioBros\notMarioBros\gamescreen.h(5,10): fatal error C1083: Cannot open include file: 'SDL.h': No such file or directory
  gamescreenlevel1.cpp
D:\Projects\notMarioBros\notMarioBros\notMarioBros\gamescreen.h(5,10): fatal error C1083: Cannot open include file: 'SDL.h': No such file or directory
  gamescreenmanager.cpp
D:\Projects\notMarioBros\notMarioBros\notMarioBros\gamescreenmanager.h(5,10): fatal error C1083: Cannot open include file: 'SDL.h': No such file or directory
  gamescreentitle.cpp
D:\Projects\notMarioBros\notMarioBros\notMarioBros\gamescreen.h(5,10): fatal error C1083: Cannot open include file: 'SDL.h': No such file or directory
  koopa.cpp
D:\Projects\notMarioBros\notMarioBros\notMarioBros\character.h(5,10): fatal error C1083: Cannot open include file: 'SDL.h': No such file or directory
  levelmap.cpp
  main.cpp
D:\Projects\notMarioBros\notMarioBros\notMarioBros\main.cpp(1,10): fatal error C1083: Cannot open include file: 'SDL.h': No such file or directory
  powblock.cpp
D:\Projects\notMarioBros\notMarioBros\notMarioBros\powblock.h(5,10): fatal error C1083: Cannot open include file: 'SDL.h': No such file or directory
  soundmanager.cpp
D:\Projects\notMarioBros\notMarioBros\notMarioBros\soundmanager.h(5,10): fatal error C1083: Cannot open include file: 'SDL_mixer.h': No such file or directory
  texture2d.cpp
D:\Projects\notMarioBros\notMarioBros\notMarioBros\texture2d.h(5,10): fatal error C1083: Cannot open include file: 'SDL.h': No such file or directory
  Generating Code...
