  gamescreenlevel1.cpp
D:\Projects\notMarioBros\notMarioBros\notMarioBros\score.h(47,1): warning C4244: '+=': conversion from 'float' to 'int', possible loss of data
D:\Projects\notMarioBros\notMarioBros\notMarioBros\commons.h(26,7): warning C4244: '=': conversion from 'float' to 'int', possible loss of data
D:\Projects\notMarioBros\notMarioBros\notMarioBros\commons.h(27,7): warning C4244: '=': conversion from 'float' to 'int', possible loss of data
D:\Projects\notMarioBros\notMarioBros\notMarioBros\powblock.h(20,108): warning C4244: 'argument': conversion from 'int' to 'float', possible loss of data
D:\Projects\notMarioBros\notMarioBros\notMarioBros\powblock.h(20,85): warning C4244: 'argument': conversion from 'int' to 'float', possible loss of data
D:\Projects\notMarioBros\notMarioBros\notMarioBros\character.h(29,108): warning C4244: 'argument': conversion from 'int' to 'float', possible loss of data
D:\Projects\notMarioBros\notMarioBros\notMarioBros\character.h(29,85): warning C4244: 'argument': conversion from 'int' to 'float', possible loss of data
D:\Projects\notMarioBros\notMarioBros\notMarioBros\gamescreenlevel1.cpp(28,20): warning C4018: '<': signed/unsigned mismatch
D:\Projects\notMarioBros\notMarioBros\notMarioBros\gamescreenlevel1.cpp(33,20): warning C4018: '<': signed/unsigned mismatch
D:\Projects\notMarioBros\notMarioBros\notMarioBros\gamescreenlevel1.cpp(38,20): warning C4018: '<': signed/unsigned mismatch
D:\Projects\notMarioBros\notMarioBros\notMarioBros\gamescreenlevel1.cpp(54,20): warning C4018: '<': signed/unsigned mismatch
D:\Projects\notMarioBros\notMarioBros\notMarioBros\gamescreenlevel1.cpp(66,20): warning C4018: '<': signed/unsigned mismatch
D:\Projects\notMarioBros\notMarioBros\notMarioBros\gamescreenlevel1.cpp(101,20): warning C4018: '<': signed/unsigned mismatch
D:\Projects\notMarioBros\notMarioBros\notMarioBros\gamescreenlevel1.cpp(110,20): warning C4018: '<': signed/unsigned mismatch
D:\Projects\notMarioBros\notMarioBros\notMarioBros\gamescreenlevel1.cpp(253,20): warning C4018: '<': signed/unsigned mismatch
D:\Projects\notMarioBros\notMarioBros\notMarioBros\gamescreenlevel1.cpp(291,21): warning C4018: '<': signed/unsigned mismatch
D:\Projects\notMarioBros\notMarioBros\notMarioBros\gamescreenlevel1.cpp(335,49): warning C4244: 'argument': conversion from 'int' to 'float', possible loss of data
D:\Projects\notMarioBros\notMarioBros\notMarioBros\gamescreenlevel1.cpp(350,51): warning C4244: 'argument': conversion from 'int' to 'float', possible loss of data
D:\Projects\notMarioBros\notMarioBros\notMarioBros\gamescreenlevel1.cpp(353,50): warning C4244: 'argument': conversion from 'int' to 'float', possible loss of data
D:\Projects\notMarioBros\notMarioBros\notMarioBros\gamescreenlevel1.cpp(392,20): warning C4018: '<': signed/unsigned mismatch
D:\Projects\notMarioBros\notMarioBros\notMarioBros\gamescreenlevel1.cpp(422,20): warning C4018: '<': signed/unsigned mismatch
  notMarioBros.vcxproj -> D:\Projects\notMarioBros\notMarioBros\Debug\notMarioBros.exe
