d:\projects\notmariobros\notmariobros\notmariobros\debug\vc142.pdb
d:\projects\notmariobros\notmariobros\notmariobros\debug\vc142.idb
d:\projects\notmariobros\notmariobros\notmariobros\debug\texture2d.obj
d:\projects\notmariobros\notmariobros\notmariobros\debug\main.obj
d:\projects\notmariobros\notmariobros\notmariobros\debug\gamescreenmanager.obj
d:\projects\notmariobros\notmariobros\notmariobros\debug\gamescreenlevel1.obj
d:\projects\notmariobros\notmariobros\notmariobros\debug\gamescreen.obj
d:\projects\notmariobros\notmariobros\notmariobros\debug\gamescreentitle.obj
d:\projects\notmariobros\notmariobros\notmariobros\debug\character.obj
d:\projects\notmariobros\notmariobros\notmariobros\debug\collisions.obj
d:\projects\notmariobros\notmariobros\notmariobros\debug\charactermario.obj
d:\projects\notmariobros\notmariobros\notmariobros\debug\characterluigi.obj
d:\projects\notmariobros\notmariobros\notmariobros\debug\levelmap.obj
d:\projects\notmariobros\notmariobros\notmariobros\debug\powblock.obj
d:\projects\notmariobros\notmariobros\notmariobros\debug\koopa.obj
d:\projects\notmariobros\notmariobros\notmariobros\debug\soundmanager.obj
d:\projects\notmariobros\notmariobros\notmariobros\debug\texturemanager.obj
d:\projects\notmariobros\notmariobros\notmariobros\debug\animator.obj
d:\projects\notmariobros\notmariobros\notmariobros\debug\textrenderer.obj
d:\projects\notmariobros\notmariobros\debug\notmariobros.exe
d:\projects\notmariobros\notmariobros\debug\notmariobros.ilk
d:\projects\notmariobros\notmariobros\debug\notmariobros.pdb
d:\projects\notmariobros\notmariobros\notmariobros\debug\notmariobros.tlog\cl.command.1.tlog
d:\projects\notmariobros\notmariobros\notmariobros\debug\notmariobros.tlog\cl.read.1.tlog
d:\projects\notmariobros\notmariobros\notmariobros\debug\notmariobros.tlog\cl.write.1.tlog
d:\projects\notmariobros\notmariobros\notmariobros\debug\notmariobros.tlog\link.command.1.tlog
d:\projects\notmariobros\notmariobros\notmariobros\debug\notmariobros.tlog\link.read.1.tlog
d:\projects\notmariobros\notmariobros\notmariobros\debug\notmariobros.tlog\link.write.1.tlog
